{"uid":"537f01eb72d7d347","name":"test_failed","fullName":"test.allure_status_test#test_failed","historyId":"4da3226ec9761b158ba5f826fc8f8289","time":{"start":1673971238005,"stop":1673971238005,"duration":0},"status":"failed","statusMessage":"AssertionError: Some fail reason\nassert False","statusTrace":"def test_failed():\n>       assert False, \"Some fail reason\"\nE       AssertionError: Some fail reason\nE       assert False\n\ntest/allure_status_test.py:9: AssertionError","flaky":false,"newFailed":false,"newBroken":false,"newPassed":false,"retriesCount":0,"retriesStatusChange":false,"beforeStages":[],"afterStages":[],"labels":[{"name":"parentSuite","value":"test"},{"name":"suite","value":"allure_status_test"},{"name":"host","value":"fv-az400-815"},{"name":"thread","value":"2304-MainThread"},{"name":"framework","value":"pytest"},{"name":"language","value":"cpython3"},{"name":"package","value":"test.allure_status_test"},{"name":"resultFormat","value":"allure2"}],"parameters":[],"links":[],"hidden":false,"retry":false,"extra":{"severity":"normal","retries":[],"categories":[{"name":"Product defects","matchedStatuses":[],"flaky":false}],"history":{"statistic":{"failed":5,"broken":0,"skipped":0,"passed":0,"unknown":0,"total":5},"items":[{"uid":"cb12bb778bff3375","reportUrl":"https://sreesar.github.io/project/28//#testresult/cb12bb778bff3375","status":"failed","statusDetails":"AssertionError: Some fail reason\nassert False","time":{"start":1673971175736,"stop":1673971175736,"duration":0}},{"uid":"9f5fae5d1145d79b","reportUrl":"https://sreesar.github.io/project/27//#testresult/9f5fae5d1145d79b","status":"failed","statusDetails":"AssertionError: Some fail reason\nassert False","time":{"start":1673971116029,"stop":1673971116029,"duration":0}},{"uid":"749ec388f6c5f8c","reportUrl":"https://sreesar.github.io/project/26//#testresult/749ec388f6c5f8c","status":"failed","statusDetails":"AssertionError: Some fail reason\nassert False","time":{"start":1673971052172,"stop":1673971052173,"duration":1}},{"uid":"ceea75ee44c2c3e6","reportUrl":"https://sreesar.github.io/project/25//#testresult/ceea75ee44c2c3e6","status":"failed","statusDetails":"AssertionError: Some fail reason\nassert False","time":{"start":1673971001994,"stop":1673971001994,"duration":0}}]},"tags":[]},"source":"537f01eb72d7d347.json","parameterValues":[]}